2014/11/06 17:49:35 [error] [exception.CHttpException.403] exception 'CHttpException' with message 'You are not allowed to access this page.' in /students/8/jpvg28/public_html/cs4320/framework/gii/GiiModule.php:170
Stack trace:
#0 /students/8/jpvg28/public_html/cs4320/framework/web/CController.php(263): GiiModule->beforeControllerAction(Object(DefaultController), Object(CInlineAction))
#1 /students/8/jpvg28/public_html/cs4320/framework/web/CWebApplication.php(282): CController->run('')
#2 /students/8/jpvg28/public_html/cs4320/framework/web/CWebApplication.php(141): CWebApplication->runController('gii')
#3 /students/8/jpvg28/public_html/cs4320/framework/base/CApplication.php(180): CWebApplication->processRequest()
#4 /students/8/jpvg28/public_html/cs4320/mvc/index.php(13): CApplication->run()
#5 {main}
REQUEST_URI=/~vandiggelenj/cs4320/mvc/index.php/gii
---
2014/11/06 17:50:09 [error] [exception.CHttpException.403] exception 'CHttpException' with message 'You are not allowed to access this page.' in /students/8/jpvg28/public_html/cs4320/framework/gii/GiiModule.php:170
Stack trace:
#0 /students/8/jpvg28/public_html/cs4320/framework/web/CController.php(263): GiiModule->beforeControllerAction(Object(DefaultController), Object(CInlineAction))
#1 /students/8/jpvg28/public_html/cs4320/framework/web/CWebApplication.php(282): CController->run('')
#2 /students/8/jpvg28/public_html/cs4320/framework/web/CWebApplication.php(141): CWebApplication->runController('gii')
#3 /students/8/jpvg28/public_html/cs4320/framework/base/CApplication.php(180): CWebApplication->processRequest()
#4 /students/8/jpvg28/public_html/cs4320/mvc/index.php(13): CApplication->run()
#5 {main}
REQUEST_URI=/~vandiggelenj/cs4320/mvc/index.php/gii
---
2014/11/06 18:06:24 [error] [exception.CHttpException.404] exception 'CHttpException' with message 'The system is unable to find the requested action "gii".' in /students/8/jpvg28/public_html/cs4320/framework/web/CController.php:483
Stack trace:
#0 /students/8/jpvg28/public_html/cs4320/framework/web/CController.php(270): CController->missingAction('gii')
#1 /students/8/jpvg28/public_html/cs4320/framework/web/CWebApplication.php(282): CController->run('gii')
#2 /students/8/jpvg28/public_html/cs4320/framework/web/CWebApplication.php(141): CWebApplication->runController('site/gii')
#3 /students/8/jpvg28/public_html/cs4320/framework/base/CApplication.php(180): CWebApplication->processRequest()
#4 /students/8/jpvg28/public_html/cs4320/mvc/index.php(13): CApplication->run()
#5 {main}
REQUEST_URI=/~vandiggelenj/cs4320/mvc/index.php/site/gii
---
2014/11/06 18:13:50 [error] [exception.CException] exception 'CException' with message 'Alias "puppydb.puppy" is invalid. Make sure it points to an existing directory or file.' in /students/8/jpvg28/public_html/cs4320/framework/YiiBase.php:347
Stack trace:
#0 /students/8/jpvg28/public_html/cs4320/framework/gii/generators/crud/CrudCode.php(59): YiiBase::import('puppydb.puppy', true)
#1 /students/8/jpvg28/public_html/cs4320/framework/validators/CInlineValidator.php(42): CrudCode->validateModel('model', Array)
#2 /students/8/jpvg28/public_html/cs4320/framework/validators/CValidator.php(213): CInlineValidator->validateAttribute(Object(CrudCode), 'model')
#3 /students/8/jpvg28/public_html/cs4320/framework/base/CModel.php(159): CValidator->validate(Object(CrudCode), NULL)
#4 /students/8/jpvg28/public_html/cs4320/framework/gii/CCodeGenerator.php(159): CModel->validate()
#5 /students/8/jpvg28/public_html/cs4320/framework/gii/CCodeGenerator.php(63): CCodeGenerator->prepare()
#6 /students/8/jpvg28/public_html/cs4320/framework/web/actions/CInlineAction.php(49): CCodeGenerator->actionIndex()
#7 /students/8/jpvg28/public_html/cs4320/framework/web/CController.php(308): CInlineAction->runWithParams(Array)
#8 /students/8/jpvg28/public_html/cs4320/framework/web/CController.php(286): CController->runAction(Object(CInlineAction))
#9 /students/8/jpvg28/public_html/cs4320/framework/web/CController.php(265): CController->runActionWithFilters(Object(CInlineAction), Array)
#10 /students/8/jpvg28/public_html/cs4320/framework/web/CWebApplication.php(282): CController->run('index')
#11 /students/8/jpvg28/public_html/cs4320/framework/web/CWebApplication.php(141): CWebApplication->runController('gii/crud/index')
#12 /students/8/jpvg28/public_html/cs4320/framework/base/CApplication.php(180): CWebApplication->processRequest()
#13 /students/8/jpvg28/public_html/cs4320/mvc/index.php(13): CApplication->run()
#14 {main}
REQUEST_URI=/~vandiggelenj/cs4320/mvc/index.php/gii/crud/index
HTTP_REFERER=http://babbage.cs.missouri.edu/~vandiggelenj/cs4320/mvc/index.php/gii/crud/index
---
2014/11/06 18:14:20 [error] [exception.CException] exception 'CException' with message 'Alias "puppydb.puppy" is invalid. Make sure it points to an existing directory or file.' in /students/8/jpvg28/public_html/cs4320/framework/YiiBase.php:347
Stack trace:
#0 /students/8/jpvg28/public_html/cs4320/framework/gii/generators/crud/CrudCode.php(59): YiiBase::import('puppydb.puppy', true)
#1 /students/8/jpvg28/public_html/cs4320/framework/validators/CInlineValidator.php(42): CrudCode->validateModel('model', Array)
#2 /students/8/jpvg28/public_html/cs4320/framework/validators/CValidator.php(213): CInlineValidator->validateAttribute(Object(CrudCode), 'model')
#3 /students/8/jpvg28/public_html/cs4320/framework/base/CModel.php(159): CValidator->validate(Object(CrudCode), NULL)
#4 /students/8/jpvg28/public_html/cs4320/framework/gii/CCodeGenerator.php(159): CModel->validate()
#5 /students/8/jpvg28/public_html/cs4320/framework/gii/CCodeGenerator.php(63): CCodeGenerator->prepare()
#6 /students/8/jpvg28/public_html/cs4320/framework/web/actions/CInlineAction.php(49): CCodeGenerator->actionIndex()
#7 /students/8/jpvg28/public_html/cs4320/framework/web/CController.php(308): CInlineAction->runWithParams(Array)
#8 /students/8/jpvg28/public_html/cs4320/framework/web/CController.php(286): CController->runAction(Object(CInlineAction))
#9 /students/8/jpvg28/public_html/cs4320/framework/web/CController.php(265): CController->runActionWithFilters(Object(CInlineAction), Array)
#10 /students/8/jpvg28/public_html/cs4320/framework/web/CWebApplication.php(282): CController->run('index')
#11 /students/8/jpvg28/public_html/cs4320/framework/web/CWebApplication.php(141): CWebApplication->runController('gii/crud/index')
#12 /students/8/jpvg28/public_html/cs4320/framework/base/CApplication.php(180): CWebApplication->processRequest()
#13 /students/8/jpvg28/public_html/cs4320/mvc/index.php(13): CApplication->run()
#14 {main}
REQUEST_URI=/~vandiggelenj/cs4320/mvc/index.php/gii/crud/index
HTTP_REFERER=http://babbage.cs.missouri.edu/~vandiggelenj/cs4320/mvc/index.php/gii/crud/index
---
2014/11/06 18:17:38 [error] [exception.CHttpException.404] exception 'CHttpException' with message 'The system is unable to find the requested action "view.php".' in /students/8/jpvg28/public_html/cs4320/framework/web/CController.php:483
Stack trace:
#0 /students/8/jpvg28/public_html/cs4320/framework/web/CController.php(270): CController->missingAction('view.php')
#1 /students/8/jpvg28/public_html/cs4320/framework/web/CWebApplication.php(282): CController->run('view.php')
#2 /students/8/jpvg28/public_html/cs4320/framework/web/CWebApplication.php(141): CWebApplication->runController('pup/view.php')
#3 /students/8/jpvg28/public_html/cs4320/framework/base/CApplication.php(180): CWebApplication->processRequest()
#4 /students/8/jpvg28/public_html/cs4320/mvc/index.php(13): CApplication->run()
#5 {main}
REQUEST_URI=/~vandiggelenj/cs4320/mvc/index.php/pup/view.php
---
2014/11/06 18:21:33 [error] [exception.CHttpException.404] exception 'CHttpException' with message 'The system is unable to find the requested action "create".' in /students/8/jpvg28/public_html/cs4320/framework/web/CController.php:483
Stack trace:
#0 /students/8/jpvg28/public_html/cs4320/framework/web/CController.php(270): CController->missingAction('create')
#1 /students/8/jpvg28/public_html/cs4320/framework/web/CWebApplication.php(282): CController->run('create')
#2 /students/8/jpvg28/public_html/cs4320/framework/web/CWebApplication.php(141): CWebApplication->runController('pup/create')
#3 /students/8/jpvg28/public_html/cs4320/framework/base/CApplication.php(180): CWebApplication->processRequest()
#4 /students/8/jpvg28/public_html/cs4320/mvc/index.php(13): CApplication->run()
#5 {main}
REQUEST_URI=/~vandiggelenj/cs4320/mvc/index.php/pup/create
---
2014/11/06 18:22:03 [error] [exception.CHttpException.404] exception 'CHttpException' with message 'The system is unable to find the requested action "gii".' in /students/8/jpvg28/public_html/cs4320/framework/web/CController.php:483
Stack trace:
#0 /students/8/jpvg28/public_html/cs4320/framework/web/CController.php(270): CController->missingAction('gii')
#1 /students/8/jpvg28/public_html/cs4320/framework/web/CWebApplication.php(282): CController->run('gii')
#2 /students/8/jpvg28/public_html/cs4320/framework/web/CWebApplication.php(141): CWebApplication->runController('site/gii')
#3 /students/8/jpvg28/public_html/cs4320/framework/base/CApplication.php(180): CWebApplication->processRequest()
#4 /students/8/jpvg28/public_html/cs4320/mvc/index.php(13): CApplication->run()
#5 {main}
REQUEST_URI=/~vandiggelenj/cs4320/mvc/index.php/site/gii
---
2014/11/06 18:23:06 [error] [exception.CHttpException.404] exception 'CHttpException' with message 'The system is unable to find the requested action "view.php".' in /students/8/jpvg28/public_html/cs4320/framework/web/CController.php:483
Stack trace:
#0 /students/8/jpvg28/public_html/cs4320/framework/web/CController.php(270): CController->missingAction('view.php')
#1 /students/8/jpvg28/public_html/cs4320/framework/web/CWebApplication.php(282): CController->run('view.php')
#2 /students/8/jpvg28/public_html/cs4320/framework/web/CWebApplication.php(141): CWebApplication->runController('pup/view.php')
#3 /students/8/jpvg28/public_html/cs4320/framework/base/CApplication.php(180): CWebApplication->processRequest()
#4 /students/8/jpvg28/public_html/cs4320/mvc/index.php(13): CApplication->run()
#5 {main}
REQUEST_URI=/~vandiggelenj/cs4320/mvc/index.php/pup/view.php
---
2014/11/06 18:23:58 [error] [exception.CHttpException.404] exception 'CHttpException' with message 'The system is unable to find the requested action "create".' in /students/8/jpvg28/public_html/cs4320/framework/web/CController.php:483
Stack trace:
#0 /students/8/jpvg28/public_html/cs4320/framework/web/CController.php(270): CController->missingAction('create')
#1 /students/8/jpvg28/public_html/cs4320/framework/web/CWebApplication.php(282): CController->run('create')
#2 /students/8/jpvg28/public_html/cs4320/framework/web/CWebApplication.php(141): CWebApplication->runController('pup/create')
#3 /students/8/jpvg28/public_html/cs4320/framework/base/CApplication.php(180): CWebApplication->processRequest()
#4 /students/8/jpvg28/public_html/cs4320/mvc/index.php(13): CApplication->run()
#5 {main}
REQUEST_URI=/~vandiggelenj/cs4320/mvc/index.php/pup/create
---
2014/11/06 18:29:42 [error] [exception.CHttpException.400] exception 'CHttpException' with message 'Your request is invalid.' in /students/8/jpvg28/public_html/cs4320/framework/web/CController.php:336
Stack trace:
#0 /students/8/jpvg28/public_html/cs4320/framework/web/CController.php(309): CController->invalidActionParams(Object(CInlineAction))
#1 /students/8/jpvg28/public_html/cs4320/framework/web/filters/CFilterChain.php(133): CController->runAction(Object(CInlineAction))
#2 /students/8/jpvg28/public_html/cs4320/framework/web/filters/CFilter.php(40): CFilterChain->run()
#3 /students/8/jpvg28/public_html/cs4320/framework/web/CController.php(1145): CFilter->filter(Object(CFilterChain))
#4 /students/8/jpvg28/public_html/cs4320/framework/web/filters/CInlineFilter.php(58): CController->filterAccessControl(Object(CFilterChain))
#5 /students/8/jpvg28/public_html/cs4320/framework/web/filters/CFilterChain.php(130): CInlineFilter->filter(Object(CFilterChain))
#6 /students/8/jpvg28/public_html/cs4320/framework/web/CController.php(291): CFilterChain->run()
#7 /students/8/jpvg28/public_html/cs4320/framework/web/CController.php(265): CController->runActionWithFilters(Object(CInlineAction), Array)
#8 /students/8/jpvg28/public_html/cs4320/framework/web/CWebApplication.php(282): CController->run('view')
#9 /students/8/jpvg28/public_html/cs4320/framework/web/CWebApplication.php(141): CWebApplication->runController('pup/view')
#10 /students/8/jpvg28/public_html/cs4320/framework/base/CApplication.php(180): CWebApplication->processRequest()
#11 /students/8/jpvg28/public_html/cs4320/mvc/index.php(13): CApplication->run()
#12 {main}
REQUEST_URI=/~vandiggelenj/cs4320/mvc/index.php/pup/view
---
2014/11/06 18:29:57 [error] [exception.CHttpException.400] exception 'CHttpException' with message 'Your request is invalid.' in /students/8/jpvg28/public_html/cs4320/framework/web/CController.php:336
Stack trace:
#0 /students/8/jpvg28/public_html/cs4320/framework/web/CController.php(309): CController->invalidActionParams(Object(CInlineAction))
#1 /students/8/jpvg28/public_html/cs4320/framework/web/filters/CFilterChain.php(133): CController->runAction(Object(CInlineAction))
#2 /students/8/jpvg28/public_html/cs4320/framework/web/filters/CFilter.php(40): CFilterChain->run()
#3 /students/8/jpvg28/public_html/cs4320/framework/web/CController.php(1145): CFilter->filter(Object(CFilterChain))
#4 /students/8/jpvg28/public_html/cs4320/framework/web/filters/CInlineFilter.php(58): CController->filterAccessControl(Object(CFilterChain))
#5 /students/8/jpvg28/public_html/cs4320/framework/web/filters/CFilterChain.php(130): CInlineFilter->filter(Object(CFilterChain))
#6 /students/8/jpvg28/public_html/cs4320/framework/web/CController.php(291): CFilterChain->run()
#7 /students/8/jpvg28/public_html/cs4320/framework/web/CController.php(265): CController->runActionWithFilters(Object(CInlineAction), Array)
#8 /students/8/jpvg28/public_html/cs4320/framework/web/CWebApplication.php(282): CController->run('update')
#9 /students/8/jpvg28/public_html/cs4320/framework/web/CWebApplication.php(141): CWebApplication->runController('pup/update')
#10 /students/8/jpvg28/public_html/cs4320/framework/base/CApplication.php(180): CWebApplication->processRequest()
#11 /students/8/jpvg28/public_html/cs4320/mvc/index.php(13): CApplication->run()
#12 {main}
REQUEST_URI=/~vandiggelenj/cs4320/mvc/index.php/pup/update
---
2014/11/06 18:34:55 [error] [exception.CHttpException.400] exception 'CHttpException' with message 'Your request is invalid.' in /students/8/jpvg28/public_html/cs4320/framework/web/CController.php:336
Stack trace:
#0 /students/8/jpvg28/public_html/cs4320/framework/web/CController.php(309): CController->invalidActionParams(Object(CInlineAction))
#1 /students/8/jpvg28/public_html/cs4320/framework/web/filters/CFilterChain.php(133): CController->runAction(Object(CInlineAction))
#2 /students/8/jpvg28/public_html/cs4320/framework/web/filters/CFilter.php(40): CFilterChain->run()
#3 /students/8/jpvg28/public_html/cs4320/framework/web/CController.php(1145): CFilter->filter(Object(CFilterChain))
#4 /students/8/jpvg28/public_html/cs4320/framework/web/filters/CInlineFilter.php(58): CController->filterAccessControl(Object(CFilterChain))
#5 /students/8/jpvg28/public_html/cs4320/framework/web/filters/CFilterChain.php(130): CInlineFilter->filter(Object(CFilterChain))
#6 /students/8/jpvg28/public_html/cs4320/framework/web/CController.php(291): CFilterChain->run()
#7 /students/8/jpvg28/public_html/cs4320/framework/web/CController.php(265): CController->runActionWithFilters(Object(CInlineAction), Array)
#8 /students/8/jpvg28/public_html/cs4320/framework/web/CWebApplication.php(282): CController->run('view')
#9 /students/8/jpvg28/public_html/cs4320/framework/web/CWebApplication.php(141): CWebApplication->runController('pup/view')
#10 /students/8/jpvg28/public_html/cs4320/framework/base/CApplication.php(180): CWebApplication->processRequest()
#11 /students/8/jpvg28/public_html/cs4320/mvc/index.php(13): CApplication->run()
#12 {main}
REQUEST_URI=/~vandiggelenj/cs4320/mvc/index.php/pup/view
---
2014/11/06 18:37:10 [error] [exception.CHttpException.404] exception 'CHttpException' with message 'The requested view "about" was not found.' in /students/8/jpvg28/public_html/cs4320/framework/web/actions/CViewAction.php:112
Stack trace:
#0 /students/8/jpvg28/public_html/cs4320/framework/web/actions/CViewAction.php(123): CViewAction->resolveView('about')
#1 /students/8/jpvg28/public_html/cs4320/framework/web/actions/CAction.php(76): CViewAction->run()
#2 /students/8/jpvg28/public_html/cs4320/framework/web/CController.php(308): CAction->runWithParams(Array)
#3 /students/8/jpvg28/public_html/cs4320/framework/web/CController.php(286): CController->runAction(Object(CViewAction))
#4 /students/8/jpvg28/public_html/cs4320/framework/web/CController.php(265): CController->runActionWithFilters(Object(CViewAction), Array)
#5 /students/8/jpvg28/public_html/cs4320/framework/web/CWebApplication.php(282): CController->run('page')
#6 /students/8/jpvg28/public_html/cs4320/framework/web/CWebApplication.php(141): CWebApplication->runController('site/page')
#7 /students/8/jpvg28/public_html/cs4320/framework/base/CApplication.php(180): CWebApplication->processRequest()
#8 /students/8/jpvg28/public_html/cs4320/mvc/index.php(13): CApplication->run()
#9 {main}
REQUEST_URI=/~vandiggelenj/cs4320/mvc/index.php/site/page?view=about
HTTP_REFERER=http://babbage.cs.missouri.edu/~vandiggelenj/cs4320/mvc/index.php/site/contact
---
2014/11/06 18:37:38 [error] [exception.CHttpException.404] exception 'CHttpException' with message 'The requested view "about" was not found.' in /students/8/jpvg28/public_html/cs4320/framework/web/actions/CViewAction.php:112
Stack trace:
#0 /students/8/jpvg28/public_html/cs4320/framework/web/actions/CViewAction.php(123): CViewAction->resolveView('about')
#1 /students/8/jpvg28/public_html/cs4320/framework/web/actions/CAction.php(76): CViewAction->run()
#2 /students/8/jpvg28/public_html/cs4320/framework/web/CController.php(308): CAction->runWithParams(Array)
#3 /students/8/jpvg28/public_html/cs4320/framework/web/CController.php(286): CController->runAction(Object(CViewAction))
#4 /students/8/jpvg28/public_html/cs4320/framework/web/CController.php(265): CController->runActionWithFilters(Object(CViewAction), Array)
#5 /students/8/jpvg28/public_html/cs4320/framework/web/CWebApplication.php(282): CController->run('page')
#6 /students/8/jpvg28/public_html/cs4320/framework/web/CWebApplication.php(141): CWebApplication->runController('site/page')
#7 /students/8/jpvg28/public_html/cs4320/framework/base/CApplication.php(180): CWebApplication->processRequest()
#8 /students/8/jpvg28/public_html/cs4320/mvc/index.php(13): CApplication->run()
#9 {main}
REQUEST_URI=/~vandiggelenj/cs4320/mvc/index.php/site/page?view=about
HTTP_REFERER=http://babbage.cs.missouri.edu/~vandiggelenj/cs4320/mvc/index.php/site/contact
---
2014/11/06 18:43:30 [error] [exception.CHttpException.400] exception 'CHttpException' with message 'Your request is invalid.' in /students/8/jpvg28/public_html/cs4320/framework/web/CController.php:336
Stack trace:
#0 /students/8/jpvg28/public_html/cs4320/framework/web/CController.php(309): CController->invalidActionParams(Object(CInlineAction))
#1 /students/8/jpvg28/public_html/cs4320/framework/web/filters/CFilterChain.php(133): CController->runAction(Object(CInlineAction))
#2 /students/8/jpvg28/public_html/cs4320/framework/web/filters/CFilter.php(40): CFilterChain->run()
#3 /students/8/jpvg28/public_html/cs4320/framework/web/CController.php(1145): CFilter->filter(Object(CFilterChain))
#4 /students/8/jpvg28/public_html/cs4320/framework/web/filters/CInlineFilter.php(58): CController->filterAccessControl(Object(CFilterChain))
#5 /students/8/jpvg28/public_html/cs4320/framework/web/filters/CFilterChain.php(130): CInlineFilter->filter(Object(CFilterChain))
#6 /students/8/jpvg28/public_html/cs4320/framework/web/CController.php(291): CFilterChain->run()
#7 /students/8/jpvg28/public_html/cs4320/framework/web/CController.php(265): CController->runActionWithFilters(Object(CInlineAction), Array)
#8 /students/8/jpvg28/public_html/cs4320/framework/web/CWebApplication.php(282): CController->run('view')
#9 /students/8/jpvg28/public_html/cs4320/framework/web/CWebApplication.php(141): CWebApplication->runController('pup/view')
#10 /students/8/jpvg28/public_html/cs4320/framework/base/CApplication.php(180): CWebApplication->processRequest()
#11 /students/8/jpvg28/public_html/cs4320/mvc/index.php(13): CApplication->run()
#12 {main}
REQUEST_URI=/~vandiggelenj/cs4320/mvc/index.php/pup/view
---
2014/11/06 18:49:33 [error] [exception.CHttpException.400] exception 'CHttpException' with message 'Your request is invalid.' in /students/8/jpvg28/public_html/cs4320/framework/web/CController.php:336
Stack trace:
#0 /students/8/jpvg28/public_html/cs4320/framework/web/CController.php(309): CController->invalidActionParams(Object(CInlineAction))
#1 /students/8/jpvg28/public_html/cs4320/framework/web/filters/CFilterChain.php(133): CController->runAction(Object(CInlineAction))
#2 /students/8/jpvg28/public_html/cs4320/framework/web/filters/CFilter.php(40): CFilterChain->run()
#3 /students/8/jpvg28/public_html/cs4320/framework/web/CController.php(1145): CFilter->filter(Object(CFilterChain))
#4 /students/8/jpvg28/public_html/cs4320/framework/web/filters/CInlineFilter.php(58): CController->filterAccessControl(Object(CFilterChain))
#5 /students/8/jpvg28/public_html/cs4320/framework/web/filters/CFilterChain.php(130): CInlineFilter->filter(Object(CFilterChain))
#6 /students/8/jpvg28/public_html/cs4320/framework/web/CController.php(291): CFilterChain->run()
#7 /students/8/jpvg28/public_html/cs4320/framework/web/CController.php(265): CController->runActionWithFilters(Object(CInlineAction), Array)
#8 /students/8/jpvg28/public_html/cs4320/framework/web/CWebApplication.php(282): CController->run('view')
#9 /students/8/jpvg28/public_html/cs4320/framework/web/CWebApplication.php(141): CWebApplication->runController('pup/view')
#10 /students/8/jpvg28/public_html/cs4320/framework/base/CApplication.php(180): CWebApplication->processRequest()
#11 /students/8/jpvg28/public_html/cs4320/mvc/index.php(13): CApplication->run()
#12 {main}
REQUEST_URI=/~vandiggelenj/cs4320/mvc/index.php/pup/view
---
